15/12/2008 23:31:41 (InfL1)	+-+-+-+-+-+-+-+-+-+-+-+-+-+-+-+-+-+-+-+-+-+-+-+-+-+-+-+-+-+-+-+-+-+-+-+-+-+-+-+
15/12/2008 23:31:41 (InfL1)	+                     Crazy Eddie's GUI System - Event log                    +
15/12/2008 23:31:41 (InfL1)	+                          (http://www.cegui.org.uk/)                         +
15/12/2008 23:31:41 (InfL1)	+-+-+-+-+-+-+-+-+-+-+-+-+-+-+-+-+-+-+-+-+-+-+-+-+-+-+-+-+-+-+-+-+-+-+-+-+-+-+-+

15/12/2008 23:31:41 (InfL1)	CEGUI::Logger singleton created.
15/12/2008 23:31:41 (InfL1)	---- Begining CEGUI System initialisation ----
15/12/2008 23:31:41 (InfL1)	CEGUI::ImagesetManager singleton created
15/12/2008 23:31:41 (InfL1)	CEGUI::FontManager singleton created.
15/12/2008 23:31:41 (InfL1)	CEGUI::WindowFactoryManager singleton created
15/12/2008 23:31:41 (InfL1)	CEGUI::WindowManager singleton created
15/12/2008 23:31:41 (InfL1)	CEGUI::SchemeManager singleton created.
15/12/2008 23:31:41 (InfL1)	CEGUI::MouseCursor singleton created.
15/12/2008 23:31:41 (InfL1)	CEGUI::GlobalEventSet singleton created.
15/12/2008 23:31:41 (InfL1)	CEGUI::WidgetLookManager singleton created.
15/12/2008 23:31:41 (InfL1)	CEGUI::WindowRendererManager singleton created
15/12/2008 23:31:41 (InfL1)	WindowFactory for 'DefaultWindow' windows added.
15/12/2008 23:31:41 (InfL1)	WindowFactory for 'DragContainer' windows added.
15/12/2008 23:31:41 (InfL1)	WindowFactory for 'ScrolledContainer' windows added.
15/12/2008 23:31:41 (InfL1)	WindowFactory for 'ClippedContainer' windows added.
15/12/2008 23:31:41 (InfL1)	WindowFactory for 'CEGUI/Checkbox' windows added.
15/12/2008 23:31:41 (InfL1)	WindowFactory for 'CEGUI/PushButton' windows added.
15/12/2008 23:31:41 (InfL1)	WindowFactory for 'CEGUI/RadioButton' windows added.
15/12/2008 23:31:41 (InfL1)	WindowFactory for 'CEGUI/Combobox' windows added.
15/12/2008 23:31:41 (InfL1)	WindowFactory for 'CEGUI/ComboDropList' windows added.
15/12/2008 23:31:41 (InfL1)	WindowFactory for 'CEGUI/Editbox' windows added.
15/12/2008 23:31:41 (InfL1)	WindowFactory for 'CEGUI/FrameWindow' windows added.
15/12/2008 23:31:41 (InfL1)	WindowFactory for 'CEGUI/ItemEntry' windows added.
15/12/2008 23:31:41 (InfL1)	WindowFactory for 'CEGUI/Listbox' windows added.
15/12/2008 23:31:41 (InfL1)	WindowFactory for 'CEGUI/ListHeader' windows added.
15/12/2008 23:31:41 (InfL1)	WindowFactory for 'CEGUI/ListHeaderSegment' windows added.
15/12/2008 23:31:41 (InfL1)	WindowFactory for 'CEGUI/Menubar' windows added.
15/12/2008 23:31:41 (InfL1)	WindowFactory for 'CEGUI/PopupMenu' windows added.
15/12/2008 23:31:41 (InfL1)	WindowFactory for 'CEGUI/MenuItem' windows added.
15/12/2008 23:31:41 (InfL1)	WindowFactory for 'CEGUI/MultiColumnList' windows added.
15/12/2008 23:31:41 (InfL1)	WindowFactory for 'CEGUI/MultiLineEditbox' windows added.
15/12/2008 23:31:41 (InfL1)	WindowFactory for 'CEGUI/ProgressBar' windows added.
15/12/2008 23:31:41 (InfL1)	WindowFactory for 'CEGUI/ScrollablePane' windows added.
15/12/2008 23:31:41 (InfL1)	WindowFactory for 'CEGUI/Scrollbar' windows added.
15/12/2008 23:31:41 (InfL1)	WindowFactory for 'CEGUI/Slider' windows added.
15/12/2008 23:31:41 (InfL1)	WindowFactory for 'CEGUI/Spinner' windows added.
15/12/2008 23:31:41 (InfL1)	WindowFactory for 'CEGUI/TabButton' windows added.
15/12/2008 23:31:41 (InfL1)	WindowFactory for 'CEGUI/TabControl' windows added.
15/12/2008 23:31:41 (InfL1)	WindowFactory for 'CEGUI/Thumb' windows added.
15/12/2008 23:31:41 (InfL1)	WindowFactory for 'CEGUI/Titlebar' windows added.
15/12/2008 23:31:41 (InfL1)	WindowFactory for 'CEGUI/Tooltip' windows added.
15/12/2008 23:31:41 (InfL1)	WindowFactory for 'CEGUI/ItemListbox' windows added.
15/12/2008 23:31:41 (InfL1)	Window type alias named 'DefaultGUISheet' added for window type 'DefaultWindow'.
15/12/2008 23:31:41 (InfL1)	CEGUI::System singleton created.
15/12/2008 23:31:41 (InfL1)	---- CEGUI System initialisation completed ----
15/12/2008 23:31:41 (InfL1)	---- Version 0.5.0 ----
15/12/2008 23:31:41 (InfL1)	---- Renderer module is: CEGUI::OpenGLRenderer - Official OpenGL based renderer module for CEGUI ----
15/12/2008 23:31:41 (InfL1)	---- XML Parser module is: CEGUI::XercesParser - Official Xerces-C++ based parser module for CEGUI ----
15/12/2008 23:31:41 (InfL1)	---- Scripting module is: None ----
15/12/2008 23:31:41 (InfL1)	Attempting to create Font 'Vera' using the font file '../fonts/vera/Vera.ttf.
15/12/2008 23:31:41 (InfL1)	Started creation of FreeType Font:
15/12/2008 23:31:41 (InfL1)	---- CEGUI font name: Vera
15/12/2008 23:31:41 (InfL1)	----     Source file: ../fonts/vera/Vera.ttf in resource group: (Default)
15/12/2008 23:31:41 (InfL1)	---- Real point size: 10
15/12/2008 23:31:41 (InfL1)	Succsessfully loaded 256 glyphs
15/12/2008 23:31:41 (InfL1)	Attempting to load Scheme from file 'fearann.scheme'.
15/12/2008 23:31:41 (InfL1)	XercesParser::initialiseSchema - Attempting to load schema from file 'GUIScheme.xsd'.
15/12/2008 23:31:41 (InfL1)	XercesParser::initialiseSchema - XML schema file 'GUIScheme.xsd' has been initialised.
15/12/2008 23:31:41 (InfL2)	Started creation of Scheme 'fearann' via XML file.
15/12/2008 23:31:41 (InfL2)	Finished creation of Scheme 'fearann' via XML file.
15/12/2008 23:31:41 (InfL2)	Loaded GUI scheme 'fearann' from data in file 'fearann.scheme'.
15/12/2008 23:31:41 (InfL2)	---- Begining resource loading for GUI scheme 'fearann' ----
15/12/2008 23:31:41 (InfL1)	Attempting to create an Imageset from the information specified in file 'FearannLook.imageset'.
15/12/2008 23:31:41 (InfL1)	XercesParser::initialiseSchema - Attempting to load schema from file 'Imageset.xsd'.
15/12/2008 23:31:41 (InfL1)	XercesParser::initialiseSchema - XML schema file 'Imageset.xsd' has been initialised.
15/12/2008 23:31:41 (InfL1)	Started creation of Imageset from XML specification:
15/12/2008 23:31:41 (InfL1)	---- CEGUI Imageset name: FearannLook
15/12/2008 23:31:41 (InfL1)	---- Source texture file: FearannLook.png in resource group: (Default)
15/12/2008 23:31:41 (Error)	Exception: OpenGLTexture::setOGLTextureSize - size too big
15/12/2008 23:31:41 (Error)	Exception: Imageset::xmlHandler::startElement - An unexpected error occurred while creating a Texture object from file 'FearannLook.png'
15/12/2008 23:31:41 (Error)	XercesParser::parseXMLFile - An unexpected error occurred while parsing XML file 'FearannLook.imageset'.
15/12/2008 23:31:41 (Error)	Imageset::load - loading of Imageset from file 'FearannLook.imageset' failed.
